[debug] [2022-04-19T20:26:56.155Z] ----------------------------------------------------------------------
[debug] [2022-04-19T20:26:56.159Z] Command:       C:\Program Files\nodejs\node.exe C:\Users\Gebruiker\AppData\Roaming\npm\node_modules\firebase-tools\lib\bin\firebase.js login
[debug] [2022-04-19T20:26:56.160Z] CLI Version:   10.6.0
[debug] [2022-04-19T20:26:56.160Z] Platform:      win32
[debug] [2022-04-19T20:26:56.161Z] Node Version:  v16.13.0
[debug] [2022-04-19T20:26:56.163Z] Time:          Tue Apr 19 2022 22:26:56 GMT+0200 (Midden-Europese zomertijd)
[debug] [2022-04-19T20:26:56.163Z] ----------------------------------------------------------------------
[debug] 
[debug] [2022-04-19T20:26:56.169Z] >>> [apiv2][query] GET https://firebase-public.firebaseio.com/cli.json [none]
[info] i  Firebase optionally collects CLI usage and error reporting information to help improve our products. Data is collected in accordance with Google's privacy policy (https://policies.google.com/privacy) and is not used to identify you.
 
[debug] [2022-04-19T20:26:56.661Z] <<< [apiv2][status] GET https://firebase-public.firebaseio.com/cli.json 200
[debug] [2022-04-19T20:26:56.662Z] <<< [apiv2][body] GET https://firebase-public.firebaseio.com/cli.json {"cloudBuildErrorAfter":1594252800000,"cloudBuildWarnAfter":1590019200000,"defaultNode10After":1594252800000,"minVersion":"3.0.5","node8DeploysDisabledAfter":1613390400000,"node8RuntimeDisabledAfter":1615809600000,"node8WarnAfter":1600128000000}
[info] i  To change your data collection preference at any time, run `firebase logout` and log in again. 
[info] 
[info] Visit this URL on this device to log in:
[info] https://accounts.google.com/o/oauth2/auth?client_id=563584335869-fgrhgmd47bqnekij5i8b5pr03ho849e6.apps.googleusercontent.com&scope=email%20openid%20https%3A%2F%2Fwww.googleapis.com%2Fauth%2Fcloudplatformprojects.readonly%20https%3A%2F%2Fwww.googleapis.com%2Fauth%2Ffirebase%20https%3A%2F%2Fwww.googleapis.com%2Fauth%2Fcloud-platform&response_type=code&state=602419542&redirect_uri=http%3A%2F%2Flocalhost%3A9005
[info] 
[info] Waiting for authentication...
[debug] [2022-04-19T20:27:40.979Z] >>> [apiv2][query] POST https://auth.firebase.tools/attest [none]
[debug] [2022-04-19T20:27:40.979Z] >>> [apiv2][body] POST https://auth.firebase.tools/attest {"session_id":"a54b10e8-4c47-4dc7-89b1-67d6a748ba67"}
[debug] [2022-04-19T20:27:41.393Z] <<< [apiv2][status] POST https://auth.firebase.tools/attest 200
[debug] [2022-04-19T20:27:41.393Z] <<< [apiv2][body] POST https://auth.firebase.tools/attest {"token":"3lTPfaZ9Dk89Z8kBSFzT6i-ulQF4uV3L_4dVcUDzB5s"}
[info] 
[info] To sign in to the Firebase CLI:
[info] 
[info] 1. Take note of your session ID:
[info] 
[info]    A54B1
[info] 
[info] 2. Visit the URL below on any device and follow the instructions to get your code:
[info] 
[info]    https://auth.firebase.tools/login?code_challenge=1Szf2TqyI12fAlzkkhA5XVluIcUw3fFFTJToNfBzJso&session=a54b10e8-4c47-4dc7-89b1-67d6a748ba67&attest=3lTPfaZ9Dk89Z8kBSFzT6i-ulQF4uV3L_4dVcUDzB5s
[info] 
[info] 3. Paste or enter the authorization code below once you have it:
[info] 
